2025-08-03T01:03:51.230+05:45  INFO 15400 --- [restartedMain] com.wsn.WsnApplication                   : Starting WsnApplication using Java 17.0.11 with PID 15400 (C:\Users\amrit\Documents\codes backup\wsn\target\classes started by amrit in C:\Users\amrit\Documents\codes backup\wsn)
2025-08-03T01:03:51.244+05:45  INFO 15400 --- [restartedMain] com.wsn.WsnApplication                   : No active profile set, falling back to 1 default profile: "default"
2025-08-03T01:03:56.549+05:45  WARN 15400 --- [restartedMain] o.f.core.internal.command.DbMigrate      : outOfOrder mode is active. Migration of schema "public" may not be reproducible.
2025-08-03T01:03:57.616+05:45  WARN 15400 --- [restartedMain] org.hibernate.orm.deprecation            : HHH90000025: PostgreSQLDialect does not need to be specified explicitly using 'hibernate.dialect' (remove the property setting and it will be selected by default)
2025-08-03T01:04:03.279+05:45  WARN 15400 --- [restartedMain] JpaBaseConfiguration$JpaWebConfiguration : spring.jpa.open-in-view is enabled by default. Therefore, database queries may be performed during view rendering. Explicitly configure spring.jpa.open-in-view to disable this warning
2025-08-03T01:04:04.822+05:45  INFO 15400 --- [restartedMain] com.wsn.WsnApplication                   : Started WsnApplication in 14.843 seconds (process running for 16.379)
2025-08-03T01:04:54.481+05:45  WARN 15400 --- [http-nio-8085-exec-2] .m.m.a.ExceptionHandlerExceptionResolver : Resolved [java.lang.RuntimeException: Inquiry must be responded before booking]
2025-08-03T01:09:25.448+05:45  WARN 15400 --- [http-nio-8085-exec-3] .m.m.a.ExceptionHandlerExceptionResolver : Resolved [java.lang.RuntimeException: Inquiry must be responded before booking]
2025-08-03T01:41:48.704+05:45  WARN 15400 --- [http-nio-8085-exec-6] .m.m.a.ExceptionHandlerExceptionResolver : Resolved [java.lang.RuntimeException: Inquiry must be responded before booking]
2025-08-03T01:43:52.417+05:45  WARN 15400 --- [http-nio-8085-exec-9] .m.m.a.ExceptionHandlerExceptionResolver : Resolved [org.springframework.dao.DataIntegrityViolationException: not-null property references a null or transient value: com.wsn.model.entity.Booking.customer]
2025-08-03T01:44:57.711+05:45  WARN 15400 --- [http-nio-8085-exec-10] .m.m.a.ExceptionHandlerExceptionResolver : Resolved [java.lang.RuntimeException: Inquiry must be responded before booking]
2025-08-03T01:45:09.720+05:45  WARN 15400 --- [http-nio-8085-exec-4] .m.m.a.ExceptionHandlerExceptionResolver : Resolved [java.lang.RuntimeException: Inquiry must be responded before booking]
2025-08-03T01:45:32.924+05:45  WARN 15400 --- [http-nio-8085-exec-3] .m.m.a.ExceptionHandlerExceptionResolver : Resolved [java.lang.RuntimeException: Inquiry must be responded before booking]
2025-08-03T01:49:24.975+05:45  WARN 15400 --- [http-nio-8085-exec-8] .m.m.a.ExceptionHandlerExceptionResolver : Resolved [java.lang.RuntimeException: Inquiry must be responded before booking]
2025-08-03T01:54:20.595+05:45  INFO 2556 --- [restartedMain] com.wsn.WsnApplication                   : Starting WsnApplication using Java 17.0.11 with PID 2556 (C:\Users\amrit\Documents\codes backup\wsn\target\classes started by amrit in C:\Users\amrit\Documents\codes backup\wsn)
2025-08-03T01:54:20.621+05:45  INFO 2556 --- [restartedMain] com.wsn.WsnApplication                   : No active profile set, falling back to 1 default profile: "default"
2025-08-03T01:54:27.550+05:45  WARN 2556 --- [restartedMain] o.f.core.internal.command.DbMigrate      : outOfOrder mode is active. Migration of schema "public" may not be reproducible.
2025-08-03T01:54:28.768+05:45  WARN 2556 --- [restartedMain] org.hibernate.orm.deprecation            : HHH90000025: PostgreSQLDialect does not need to be specified explicitly using 'hibernate.dialect' (remove the property setting and it will be selected by default)
2025-08-03T01:54:33.585+05:45  WARN 2556 --- [restartedMain] JpaBaseConfiguration$JpaWebConfiguration : spring.jpa.open-in-view is enabled by default. Therefore, database queries may be performed during view rendering. Explicitly configure spring.jpa.open-in-view to disable this warning
2025-08-03T01:54:35.078+05:45  INFO 2556 --- [restartedMain] com.wsn.WsnApplication                   : Started WsnApplication in 15.652 seconds (process running for 16.998)
2025-08-03T01:54:38.201+05:45  WARN 2556 --- [http-nio-8085-exec-2] .m.m.a.ExceptionHandlerExceptionResolver : Resolved [java.lang.RuntimeException: Inquiry must be responded before booking. Current status: CONVERTED]
2025-08-03T02:00:21.997+05:45  INFO 15700 --- [restartedMain] com.wsn.WsnApplication                   : Starting WsnApplication using Java 17.0.11 with PID 15700 (C:\Users\amrit\Documents\codes backup\wsn\target\classes started by amrit in C:\Users\amrit\Documents\codes backup\wsn)
2025-08-03T02:00:22.002+05:45  INFO 15700 --- [restartedMain] com.wsn.WsnApplication                   : No active profile set, falling back to 1 default profile: "default"
2025-08-03T02:00:26.481+05:45  WARN 15700 --- [restartedMain] o.f.core.internal.command.DbMigrate      : outOfOrder mode is active. Migration of schema "public" may not be reproducible.
2025-08-03T02:00:27.555+05:45  WARN 15700 --- [restartedMain] org.hibernate.orm.deprecation            : HHH90000025: PostgreSQLDialect does not need to be specified explicitly using 'hibernate.dialect' (remove the property setting and it will be selected by default)
2025-08-03T02:00:32.109+05:45  WARN 15700 --- [restartedMain] JpaBaseConfiguration$JpaWebConfiguration : spring.jpa.open-in-view is enabled by default. Therefore, database queries may be performed during view rendering. Explicitly configure spring.jpa.open-in-view to disable this warning
2025-08-03T02:00:32.983+05:45  INFO 15700 --- [restartedMain] com.wsn.WsnApplication                   : Started WsnApplication in 12.031 seconds (process running for 12.932)
2025-08-03T02:01:17.100+05:45  WARN 15700 --- [http-nio-8085-exec-1] .m.m.a.ExceptionHandlerExceptionResolver : Resolved [org.springframework.dao.DataIntegrityViolationException: not-null property references a null or transient value: com.wsn.model.entity.Booking.customer]
2025-08-03T02:01:32.657+05:45  WARN 15700 --- [http-nio-8085-exec-4] .m.m.a.ExceptionHandlerExceptionResolver : Resolved [org.springframework.dao.DataIntegrityViolationException: not-null property references a null or transient value: com.wsn.model.entity.Booking.customer]
2025-08-03T02:04:39.762+05:45  INFO 14004 --- [restartedMain] com.wsn.WsnApplication                   : Starting WsnApplication using Java 17.0.11 with PID 14004 (C:\Users\amrit\Documents\codes backup\wsn\target\classes started by amrit in C:\Users\amrit\Documents\codes backup\wsn)
2025-08-03T02:04:39.769+05:45  INFO 14004 --- [restartedMain] com.wsn.WsnApplication                   : No active profile set, falling back to 1 default profile: "default"
2025-08-03T02:04:45.818+05:45  WARN 14004 --- [restartedMain] o.f.core.internal.command.DbMigrate      : outOfOrder mode is active. Migration of schema "public" may not be reproducible.
2025-08-03T02:04:47.058+05:45  WARN 14004 --- [restartedMain] org.hibernate.orm.deprecation            : HHH90000025: PostgreSQLDialect does not need to be specified explicitly using 'hibernate.dialect' (remove the property setting and it will be selected by default)
2025-08-03T02:04:51.431+05:45  WARN 14004 --- [restartedMain] JpaBaseConfiguration$JpaWebConfiguration : spring.jpa.open-in-view is enabled by default. Therefore, database queries may be performed during view rendering. Explicitly configure spring.jpa.open-in-view to disable this warning
2025-08-03T02:04:52.738+05:45  INFO 14004 --- [restartedMain] com.wsn.WsnApplication                   : Started WsnApplication in 14.313 seconds (process running for 15.247)
2025-08-03T02:09:24.856+05:45  WARN 14004 --- [http-nio-8085-exec-1] .m.m.a.ExceptionHandlerExceptionResolver : Resolved [org.springframework.web.HttpRequestMethodNotSupportedException: Request method 'GET' is not supported]
2025-08-03T02:09:31.166+05:45  WARN 14004 --- [http-nio-8085-exec-6] o.h.engine.jdbc.spi.SqlExceptionHelper   : SQL Error: 0, SQLState: 22003
2025-08-03T02:09:31.167+05:45 ERROR 14004 --- [http-nio-8085-exec-6] o.h.engine.jdbc.spi.SqlExceptionHelper   : ERROR: numeric field overflow
  Detail: A field with precision 5, scale 2 must round to an absolute value less than 10^3.
2025-08-03T02:09:31.217+05:45  WARN 14004 --- [http-nio-8085-exec-6] .m.m.a.ExceptionHandlerExceptionResolver : Resolved [org.springframework.dao.DataIntegrityViolationException: could not execute statement [ERROR: numeric field overflow<EOL>  Detail: A field with precision 5, scale 2 must round to an absolute value less than 10^3.] [insert into payments (amount,booking_id,commission,created_at,payment_date,status,id) values (?,?,?,?,?,?,?)]; SQL [insert into payments (amount,booking_id,commission,created_at,payment_date,status,id) values (?,?,?,?,?,?,?)]]
2025-08-03T02:09:40.508+05:45  WARN 14004 --- [http-nio-8085-exec-10] .m.m.a.ExceptionHandlerExceptionResolver : Resolved [org.springframework.http.converter.HttpMessageConversionException: Type definition error: [simple type, class org.hibernate.proxy.pojo.bytebuddy.ByteBuddyInterceptor]]
2025-08-03T02:09:49.899+05:45  WARN 14004 --- [http-nio-8085-exec-4] .m.m.a.ExceptionHandlerExceptionResolver : Resolved [org.springframework.http.converter.HttpMessageConversionException: Type definition error: [simple type, class org.hibernate.proxy.pojo.bytebuddy.ByteBuddyInterceptor]]
2025-08-03T02:10:34.586+05:45  WARN 14004 --- [http-nio-8085-exec-7] .m.m.a.ExceptionHandlerExceptionResolver : Resolved [org.springframework.http.converter.HttpMessageConversionException: Type definition error: [simple type, class org.hibernate.proxy.pojo.bytebuddy.ByteBuddyInterceptor]]
2025-08-03T02:14:12.566+05:45  INFO 8616 --- [restartedMain] com.wsn.WsnApplication                   : Starting WsnApplication using Java 17.0.11 with PID 8616 (C:\Users\amrit\Documents\codes backup\wsn\target\classes started by amrit in C:\Users\amrit\Documents\codes backup\wsn)
2025-08-03T02:14:12.570+05:45  INFO 8616 --- [restartedMain] com.wsn.WsnApplication                   : No active profile set, falling back to 1 default profile: "default"
2025-08-03T02:14:20.548+05:45  WARN 8616 --- [restartedMain] o.f.core.internal.command.DbMigrate      : outOfOrder mode is active. Migration of schema "public" may not be reproducible.
2025-08-03T02:14:21.685+05:45  WARN 8616 --- [restartedMain] org.hibernate.orm.deprecation            : HHH90000025: PostgreSQLDialect does not need to be specified explicitly using 'hibernate.dialect' (remove the property setting and it will be selected by default)
2025-08-03T02:14:29.034+05:45  WARN 8616 --- [restartedMain] JpaBaseConfiguration$JpaWebConfiguration : spring.jpa.open-in-view is enabled by default. Therefore, database queries may be performed during view rendering. Explicitly configure spring.jpa.open-in-view to disable this warning
2025-08-03T02:14:30.121+05:45  INFO 8616 --- [restartedMain] com.wsn.WsnApplication                   : Started WsnApplication in 18.921 seconds (process running for 19.749)
2025-08-03T02:14:38.191+05:45  WARN 8616 --- [http-nio-8085-exec-1] .m.m.a.ExceptionHandlerExceptionResolver : Resolved [org.springframework.http.converter.HttpMessageConversionException: Type definition error: [simple type, class org.hibernate.proxy.pojo.bytebuddy.ByteBuddyInterceptor]]
2025-08-03T02:18:41.042+05:45  INFO 3968 --- [restartedMain] com.wsn.WsnApplication                   : Starting WsnApplication using Java 17.0.11 with PID 3968 (C:\Users\amrit\Documents\codes backup\wsn\target\classes started by amrit in C:\Users\amrit\Documents\codes backup\wsn)
2025-08-03T02:18:41.046+05:45  INFO 3968 --- [restartedMain] com.wsn.WsnApplication                   : No active profile set, falling back to 1 default profile: "default"
2025-08-03T02:18:45.871+05:45  WARN 3968 --- [restartedMain] o.f.core.internal.command.DbMigrate      : outOfOrder mode is active. Migration of schema "public" may not be reproducible.
2025-08-03T02:18:47.107+05:45  WARN 3968 --- [restartedMain] org.hibernate.orm.deprecation            : HHH90000025: PostgreSQLDialect does not need to be specified explicitly using 'hibernate.dialect' (remove the property setting and it will be selected by default)
2025-08-03T02:18:51.869+05:45  WARN 3968 --- [restartedMain] JpaBaseConfiguration$JpaWebConfiguration : spring.jpa.open-in-view is enabled by default. Therefore, database queries may be performed during view rendering. Explicitly configure spring.jpa.open-in-view to disable this warning
2025-08-03T02:18:53.975+05:45  INFO 3968 --- [restartedMain] com.wsn.WsnApplication                   : Started WsnApplication in 14.016 seconds (process running for 15.071)
2025-08-03T02:28:21.564+05:45  WARN 3968 --- [http-nio-8085-exec-5] .m.m.a.ExceptionHandlerExceptionResolver : Resolved [java.lang.IllegalArgumentException: No enum constant com.wsn.model.entity.Booking.Status."CONFIRMED"]
2025-08-03T02:30:55.438+05:45  INFO 5476 --- [restartedMain] com.wsn.WsnApplication                   : Starting WsnApplication using Java 17.0.11 with PID 5476 (C:\Users\amrit\Documents\codes backup\wsn\target\classes started by amrit in C:\Users\amrit\Documents\codes backup\wsn)
2025-08-03T02:30:55.443+05:45  INFO 5476 --- [restartedMain] com.wsn.WsnApplication                   : No active profile set, falling back to 1 default profile: "default"
2025-08-03T02:31:04.582+05:45  WARN 5476 --- [restartedMain] o.f.core.internal.command.DbMigrate      : outOfOrder mode is active. Migration of schema "public" may not be reproducible.
2025-08-03T02:31:05.607+05:45  WARN 5476 --- [restartedMain] org.hibernate.orm.deprecation            : HHH90000025: PostgreSQLDialect does not need to be specified explicitly using 'hibernate.dialect' (remove the property setting and it will be selected by default)
2025-08-03T02:31:13.342+05:45  WARN 5476 --- [restartedMain] JpaBaseConfiguration$JpaWebConfiguration : spring.jpa.open-in-view is enabled by default. Therefore, database queries may be performed during view rendering. Explicitly configure spring.jpa.open-in-view to disable this warning
2025-08-03T02:31:14.286+05:45  INFO 5476 --- [restartedMain] com.wsn.WsnApplication                   : Started WsnApplication in 20.954 seconds (process running for 23.216)
2025-08-03T02:35:16.235+05:45  WARN 5476 --- [http-nio-8085-exec-1] .m.m.a.ExceptionHandlerExceptionResolver : Resolved [org.springframework.http.converter.HttpMessageConversionException: Type definition error: [simple type, class org.hibernate.proxy.pojo.bytebuddy.ByteBuddyInterceptor]]
2025-08-03T02:46:18.891+05:45  INFO 5188 --- [restartedMain] com.wsn.WsnApplication                   : Starting WsnApplication using Java 17.0.11 with PID 5188 (C:\Users\amrit\Documents\codes backup\wsn\target\classes started by amrit in C:\Users\amrit\Documents\codes backup\wsn)
2025-08-03T02:46:18.898+05:45  INFO 5188 --- [restartedMain] com.wsn.WsnApplication                   : No active profile set, falling back to 1 default profile: "default"
2025-08-03T02:46:24.355+05:45  WARN 5188 --- [restartedMain] o.f.core.internal.command.DbMigrate      : outOfOrder mode is active. Migration of schema "public" may not be reproducible.
2025-08-03T02:46:25.468+05:45  WARN 5188 --- [restartedMain] org.hibernate.orm.deprecation            : HHH90000025: PostgreSQLDialect does not need to be specified explicitly using 'hibernate.dialect' (remove the property setting and it will be selected by default)
2025-08-03T02:46:31.003+05:45  WARN 5188 --- [restartedMain] JpaBaseConfiguration$JpaWebConfiguration : spring.jpa.open-in-view is enabled by default. Therefore, database queries may be performed during view rendering. Explicitly configure spring.jpa.open-in-view to disable this warning
2025-08-03T02:46:32.961+05:45  INFO 5188 --- [restartedMain] com.wsn.WsnApplication                   : Started WsnApplication in 15.351 seconds (process running for 16.284)
